1 1
1 2
1 3
1 4
1 5
1 6
1 8
1 10
1 12
1 15
1 16
1 20
1 24
1 25
1 30
1 40
1 48
1 50
1 60
1 75
1 80
1 100
1 120
1 125
1 150
1 200
1 240
1 250
1 300
1 375
1 400
1 500
1 600
1 750
1 1000
1 1200
1 1500
1 2000
1 3000
1 6000
2 1
2 2
2 3
2 4
2 5
2 6
2 8
2 10
2 12
2 15
2 16
2 20
2 24
2 25
2 30
2 40
2 48
2 50
2 60
2 75
2 80
2 100
2 120
2 125
2 150
2 200
2 240
2 250
2 300
2 375
2 400
2 500
2 600
2 750
2 1000
2 1200
2 1500
2 2000
2 3000
2 6000
3 1
3 2
3 3
3 4
3 5
3 6
3 8
3 10
3 12
3 15
3 16
3 20
3 24
3 25
3 30
3 40
3 48
3 50
3 60
3 75
3 80
3 100
3 120
3 125
3 150
3 200
3 240
3 250
3 300
3 375
3 400
3 500
3 600
3 750
3 1000
3 1200
3 1500
3 2000
3 3000
3 6000
4 1
4 2
4 3
4 4
4 5
4 6
4 8
4 10
4 12
4 15
4 16
4 20
4 24
4 25
4 30
4 40
4 48
4 50
4 60
4 75
4 80
4 100
4 120
4 125
4 150
4 200
4 240
4 250
4 300
4 375
4 400
4 500
4 600
4 750
4 1000
4 1200
4 1500
4 2000
4 3000
4 6000
5 1
5 2
5 3
5 4
5 5
5 6
5 8
5 10
5 12
5 15
5 16
5 20
5 24
5 25
5 30
5 40
5 48
5 50
5 60
5 75
5 80
5 100
5 120
5 125
5 150
5 200
5 240
5 250
5 300
5 375
5 400
5 500
5 600
5 750
5 1000
5 1200
5 1500
5 2000
5 3000
5 6000
6 1
6 2
6 3
6 4
6 5
6 6
6 8
6 10
6 12
6 15
6 16
6 20
6 24
6 25
6 30
6 40
6 48
6 50
6 60
6 75
6 80
6 100
6 120
6 125
6 150
6 200
6 240
6 250
6 300
6 375
6 400
6 500
6 600
6 750
6 1000
6 1200
6 1500
6 2000
6 3000
6 6000
8 1
8 2
8 3
8 4
8 5
8 6
8 8
8 10
8 12
8 15
8 16
8 20
8 24
8 25
8 30
8 40
8 48
8 50
8 60
8 75
8 80
8 100
8 120
8 125
8 150
8 200
8 240
8 250
8 300
8 375
8 400
8 500
8 600
8 750
8 1000
8 1200
8 1500
8 2000
8 3000
8 6000
10 1
10 2
10 3
10 4
10 5
10 6
10 8
10 10
10 12
10 15
10 16
10 20
10 24
10 25
10 30
10 40
10 48
10 50
10 60
10 75
10 80
10 100
10 120
10 125
10 150
10 200
10 240
10 250
10 300
10 375
10 400
10 500
10 600
10 750
10 1000
10 1200
10 1500
10 2000
10 3000
10 6000
12 1
12 2
12 3
12 4
12 5
12 6
12 8
12 10
12 12
12 15
12 16
12 20
12 24
12 25
12 30
12 40
12 48
12 50
12 60
12 75
12 80
12 100
12 120
12 125
12 150
12 200
12 240
12 250
12 300
12 375
12 400
12 500
12 600
12 750
12 1000
12 1200
12 1500
12 2000
12 3000
12 6000
15 1
15 2
15 3
15 4
15 5
15 6
15 8
15 10
15 12
15 15
15 16
15 20
15 24
15 25
15 30
15 40
15 48
15 50
15 60
15 75
15 80
15 100
15 120
15 125
15 150
15 200
15 240
15 250
15 300
15 375
15 400
15 500
15 600
15 750
15 1000
15 1200
15 1500
15 2000
15 3000
15 6000
16 1
16 2
16 3
16 4
16 5
16 6
16 8
16 10
16 12
16 15
16 16
16 20
16 24
16 25
16 30
16 40
16 48
16 50
16 60
16 75
16 80
16 100
16 120
16 125
16 150
16 200
16 240
16 250
16 300
16 375
16 400
16 500
16 600
16 750
16 1000
16 1200
16 1500
16 2000
16 3000
16 6000
20 1
20 2
20 3
20 4
20 5
20 6
20 8
20 10
20 12
20 15
20 16
20 20
20 24
20 25
20 30
20 40
20 48
20 50
20 60
20 75
20 80
20 100
20 120
20 125
20 150
20 200
20 240
20 250
20 300
20 375
20 400
20 500
20 600
20 750
20 1000
20 1200
20 1500
20 2000
20 3000
20 6000
24 1
24 2
24 3
24 4
24 5
24 6
24 8
24 10
24 12
24 15
24 16
24 20
24 24
24 25
24 30
24 40
24 48
24 50
24 60
24 75
24 80
24 100
24 120
24 125
24 150
24 200
24 240
24 250
24 300
24 375
24 400
24 500
24 600
24 750
24 1000
24 1200
24 1500
24 2000
24 3000
24 6000
25 1
25 2
25 3
25 4
25 5
25 6
25 8
25 10
25 12
25 15
25 16
25 20
25 24
25 25
25 30
25 40
25 48
25 50
25 60
25 75
25 80
25 100
25 120
25 125
25 150
25 200
25 240
25 250
25 300
25 375
25 400
25 500
25 600
25 750
25 1000
25 1200
25 1500
25 2000
25 3000
25 6000
30 1
30 2
30 3
30 4
30 5
30 6
30 8
30 10
30 12
30 15
30 16
30 20
30 24
30 25
30 30
30 40
30 48
30 50
30 60
30 75
30 80
30 100
30 120
30 125
30 150
30 200
30 240
30 250
30 300
30 375
30 400
30 500
30 600
30 750
30 1000
30 1200
30 1500
30 2000
30 3000
30 6000
40 1
40 2
40 3
40 4
40 5
40 6
40 8
40 10
40 12
40 15
40 16
40 20
40 24
40 25
40 30
40 40
40 48
40 50
40 60
40 75
40 80
40 100
40 120
40 125
40 150
40 200
40 240
40 250
40 300
40 375
40 400
40 500
40 600
40 750
40 1000
40 1200
40 1500
40 2000
40 3000
40 6000
48 1
48 2
48 3
48 4
48 5
48 6
48 8
48 10
48 12
48 15
48 16
48 20
48 24
48 25
48 30
48 40
48 48
48 50
48 60
48 75
48 80
48 100
48 120
48 125
48 150
48 200
48 240
48 250
48 300
48 375
48 400
48 500
48 600
48 750
48 1000
48 1200
48 1500
48 2000
48 3000
48 6000
50 1
50 2
50 3
50 4
50 5
50 6
50 8
50 10
50 12
50 15
50 16
50 20
50 24
50 25
50 30
50 40
50 48
50 50
50 60
50 75
50 80
50 100
50 120
50 125
50 150
50 200
50 240
50 250
50 300
50 375
50 400
50 500
50 600
50 750
50 1000
50 1200
50 1500
50 2000
50 3000
50 6000
60 1
60 2
60 3
60 4
60 5
60 6
60 8
60 10
60 12
60 15
60 16
60 20
60 24
60 25
60 30
60 40
60 48
60 50
60 60
60 75
60 80
60 100
60 120
60 125
60 150
60 200
60 240
60 250
60 300
60 375
60 400
60 500
60 600
60 750
60 1000
60 1200
60 1500
60 2000
60 3000
60 6000
75 1
75 2
75 3
75 4
75 5
75 6
75 8
75 10
75 12
75 15
75 16
75 20
75 24
75 25
75 30
75 40
75 48
75 50
75 60
75 75
75 80
75 100
75 120
75 125
75 150
75 200
75 240
75 250
75 300
75 375
75 400
75 500
75 600
75 750
75 1000
75 1200
75 1500
75 2000
75 3000
75 6000
80 1
80 2
80 3
80 4
80 5
80 6
80 8
80 10
80 12
80 15
80 16
80 20
80 24
80 25
80 30
80 40
80 48
80 50
80 60
80 75
80 80
80 100
80 120
80 125
80 150
80 200
80 240
80 250
80 300
80 375
80 400
80 500
80 600
80 750
80 1000
80 1200
80 1500
80 2000
80 3000
80 6000
100 1
100 2
100 3
100 4
100 5
100 6
100 8
100 10
100 12
100 15
100 16
100 20
100 24
100 25
100 30
100 40
100 48
100 50
100 60
100 75
100 80
100 100
100 120
100 125
100 150
100 200
100 240
100 250
100 300
100 375
100 400
100 500
100 600
100 750
100 1000
100 1200
100 1500
100 2000
100 3000
100 6000
120 1
120 2
120 3
120 4
120 5
120 6
120 8
120 10
120 12
120 15
120 16
120 20
120 24
120 25
120 30
120 40
120 48
120 50
120 60
120 75
120 80
120 100
120 120
120 125
120 150
120 200
120 240
120 250
120 300
120 375
120 400
120 500
120 600
120 750
120 1000
120 1200
120 1500
120 2000
120 3000
120 6000
125 1
125 2
125 3
125 4
125 5
125 6
125 8
125 10
125 12
125 15
125 16
125 20
125 24
125 25
125 30
125 40
125 48
125 50
125 60
125 75
125 80
125 100
125 120
125 125
125 150
125 200
125 240
125 250
125 300
125 375
125 400
125 500
125 600
125 750
125 1000
125 1200
125 1500
125 2000
125 3000
125 6000
150 1
150 2
150 3
150 4
150 5
150 6
150 8
150 10
150 12
150 15
150 16
150 20
150 24
150 25
150 30
150 40
150 48
150 50
150 60
150 75
150 80
150 100
150 120
150 125
150 150
150 200
150 240
150 250
150 300
150 375
150 400
150 500
150 600
150 750
150 1000
150 1200
150 1500
150 2000
150 3000
150 6000
200 1
200 2
200 3
200 4
200 5
200 6
200 8
200 10
200 12
200 15
200 16
200 20
200 24
200 25
200 30
200 40
200 48
200 50
200 60
200 75
200 80
200 100
200 120
200 125
200 150
200 200
200 240
200 250
200 300
200 375
200 400
200 500
200 600
200 750
200 1000
200 1200
200 1500
200 2000
200 3000
200 6000
240 1
240 2
240 3
240 4
240 5
240 6
240 8
240 10
240 12
240 15
240 16
240 20
240 24
240 25
240 30
240 40
240 48
240 50
240 60
240 75
240 80
240 100
240 120
240 125
240 150
240 200
240 240
240 250
240 300
240 375
240 400
240 500
240 600
240 750
240 1000
240 1200
240 1500
240 2000
240 3000
240 6000
250 1
250 2
250 3
250 4
250 5
250 6
250 8
250 10
250 12
250 15
250 16
250 20
250 24
250 25
250 30
250 40
250 48
250 50
250 60
250 75
250 80
250 100
250 120
250 125
250 150
250 200
250 240
250 250
250 300
250 375
250 400
250 500
250 600
250 750
250 1000
250 1200
250 1500
250 2000
250 3000
250 6000
300 1
300 2
300 3
300 4
300 5
300 6
300 8
300 10
300 12
300 15
300 16
300 20
300 24
300 25
300 30
300 40
300 48
300 50
300 60
300 75
300 80
300 100
300 120
300 125
300 150
300 200
300 240
300 250
300 300
300 375
300 400
300 500
300 600
300 750
300 1000
300 1200
300 1500
300 2000
300 3000
300 6000
375 1
375 2
375 3
375 4
375 5
375 6
375 8
375 10
375 12
375 15
375 16
375 20
375 24
375 25
375 30
375 40
375 48
375 50
375 60
375 75
375 80
375 100
375 120
375 125
375 150
375 200
375 240
375 250
375 300
375 375
375 400
375 500
375 600
375 750
375 1000
375 1200
375 1500
375 2000
375 3000
375 6000
400 1
400 2
400 3
400 4
400 5
400 6
400 8
400 10
400 12
400 15
400 16
400 20
400 24
400 25
400 30
400 40
400 48
400 50
400 60
400 75
400 80
400 100
400 120
400 125
400 150
400 200
400 240
400 250
400 300
400 375
400 400
400 500
400 600
400 750
400 1000
400 1200
400 1500
400 2000
400 3000
400 6000
500 1
500 2
500 3
500 4
500 5
500 6
500 8
500 10
500 12
500 15
500 16
500 20
500 24
500 25
500 30
500 40
500 48
500 50
500 60
500 75
500 80
500 100
500 120
500 125
500 150
500 200
500 240
500 250
500 300
500 375
500 400
500 500
500 600
500 750
500 1000
500 1200
500 1500
500 2000
500 3000
500 6000
600 1
600 2
600 3
600 4
600 5
600 6
600 8
600 10
600 12
600 15
600 16
600 20
600 24
600 25
600 30
600 40
600 48
600 50
600 60
600 75
600 80
600 100
600 120
600 125
600 150
600 200
600 240
600 250
600 300
600 375
600 400
600 500
600 600
600 750
600 1000
600 1200
600 1500
600 2000
600 3000
600 6000
750 1
750 2
750 3
750 4
750 5
750 6
750 8
750 10
750 12
750 15
750 16
750 20
750 24
750 25
750 30
750 40
750 48
750 50
750 60
750 75
750 80
750 100
750 120
750 125
750 150
750 200
750 240
750 250
750 300
750 375
750 400
750 500
750 600
750 750
750 1000
750 1200
750 1500
750 2000
750 3000
750 6000
1000 1
1000 2
1000 3
1000 4
1000 5
1000 6
1000 8
1000 10
1000 12
1000 15
1000 16
1000 20
1000 24
1000 25
1000 30
1000 40
1000 48
1000 50
1000 60
1000 75
1000 80
1000 100
1000 120
1000 125
1000 150
1000 200
1000 240
1000 250
1000 300
1000 375
1000 400
1000 500
1000 600
1000 750
1000 1000
1000 1200
1000 1500
1000 2000
1000 3000
1000 6000
1200 1
1200 2
1200 3
1200 4
1200 5
1200 6
1200 8
1200 10
1200 12
1200 15
1200 16
1200 20
1200 24
1200 25
1200 30
1200 40
1200 48
1200 50
1200 60
1200 75
1200 80
1200 100
1200 120
1200 125
1200 150
1200 200
1200 240
1200 250
1200 300
1200 375
1200 400
1200 500
1200 600
1200 750
1200 1000
1200 1200
1200 1500
1200 2000
1200 3000
1200 6000
1500 1
1500 2
1500 3
1500 4
1500 5
1500 6
1500 8
1500 10
1500 12
1500 15
1500 16
1500 20
1500 24
1500 25
1500 30
1500 40
1500 48
1500 50
1500 60
1500 75
1500 80
1500 100
1500 120
1500 125
1500 150
1500 200
1500 240
1500 250
1500 300
1500 375
1500 400
1500 500
1500 600
1500 750
1500 1000
1500 1200
1500 1500
1500 2000
1500 3000
1500 6000
2000 1
2000 2
2000 3
2000 4
2000 5
2000 6
2000 8
2000 10
2000 12
2000 15
2000 16
2000 20
2000 24
2000 25
2000 30
2000 40
2000 48
2000 50
2000 60
2000 75
2000 80
2000 100
2000 120
2000 125
2000 150
2000 200
2000 240
2000 250
2000 300
2000 375
2000 400
2000 500
2000 600
2000 750
2000 1000
2000 1200
2000 1500
2000 2000
2000 3000
2000 6000
3000 1
3000 2
3000 3
3000 4
3000 5
3000 6
3000 8
3000 10
3000 12
3000 15
3000 16
3000 20
3000 24
3000 25
3000 30
3000 40
3000 48
3000 50
3000 60
3000 75
3000 80
3000 100
3000 120
3000 125
3000 150
3000 200
3000 240
3000 250
3000 300
3000 375
3000 400
3000 500
3000 600
3000 750
3000 1000
3000 1200
3000 1500
3000 2000
3000 3000
3000 6000
6000 1
6000 2
6000 3
6000 4
6000 5
6000 6
6000 8
6000 10
6000 12
6000 15
6000 16
6000 20
6000 24
6000 25
6000 30
6000 40
6000 48
6000 50
6000 60
6000 75
6000 80
6000 100
6000 120
6000 125
6000 150
6000 200
6000 240
6000 250
6000 300
6000 375
6000 400
6000 500
6000 600
6000 750
6000 1000
6000 1200
6000 1500
6000 2000
6000 3000
6000 6000
